Performing C++ SOURCE FILE Test SDL2PP_WITH_EXPERIMENTAL_OPTIONAL failed with the following output:
Change Dir: /home/lautaro/Dune-Taller-de-Programacion-FIUBA/src_files/build/CMakeFiles/CMakeTmp

Run Build Command(s):/usr/bin/make cmTC_4dc4e/fast && /usr/bin/make -f CMakeFiles/cmTC_4dc4e.dir/build.make CMakeFiles/cmTC_4dc4e.dir/build
make[1]: se entra en el directorio '/home/lautaro/Dune-Taller-de-Programacion-FIUBA/src_files/build/CMakeFiles/CMakeTmp'
Building CXX object CMakeFiles/cmTC_4dc4e.dir/src.cxx.o
/usr/bin/c++    -std=c++11 -DSDL2PP_WITH_EXPERIMENTAL_OPTIONAL   -o CMakeFiles/cmTC_4dc4e.dir/src.cxx.o -c /home/lautaro/Dune-Taller-de-Programacion-FIUBA/src_files/build/CMakeFiles/CMakeTmp/src.cxx
/home/lautaro/Dune-Taller-de-Programacion-FIUBA/src_files/build/CMakeFiles/CMakeTmp/src.cxx: In function ‘int main()’:
/home/lautaro/Dune-Taller-de-Programacion-FIUBA/src_files/build/CMakeFiles/CMakeTmp/src.cxx:2:19: error: ‘std::experimental’ has not been declared
    2 | int main() { std::experimental::optional<int> o; return !o; }
      |                   ^~~~~~~~~~~~
/home/lautaro/Dune-Taller-de-Programacion-FIUBA/src_files/build/CMakeFiles/CMakeTmp/src.cxx:2:42: error: expected primary-expression before ‘int’
    2 | int main() { std::experimental::optional<int> o; return !o; }
      |                                          ^~~
/home/lautaro/Dune-Taller-de-Programacion-FIUBA/src_files/build/CMakeFiles/CMakeTmp/src.cxx:2:58: error: ‘o’ was not declared in this scope
    2 | int main() { std::experimental::optional<int> o; return !o; }
      |                                                          ^
make[1]: *** [CMakeFiles/cmTC_4dc4e.dir/build.make:66: CMakeFiles/cmTC_4dc4e.dir/src.cxx.o] Error 1
make[1]: se sale del directorio '/home/lautaro/Dune-Taller-de-Programacion-FIUBA/src_files/build/CMakeFiles/CMakeTmp'
make: *** [Makefile:121: cmTC_4dc4e/fast] Error 2


Source file was:
#include <experimental/optional>
int main() { std::experimental::optional<int> o; return !o; }
Performing C SOURCE FILE Test CMAKE_HAVE_LIBC_PTHREAD failed with the following output:
Change Dir: /home/lautaro/Dune-Taller-de-Programacion-FIUBA/src_files/build/CMakeFiles/CMakeTmp

Run Build Command(s):/usr/bin/make cmTC_41602/fast && /usr/bin/make -f CMakeFiles/cmTC_41602.dir/build.make CMakeFiles/cmTC_41602.dir/build
make[1]: se entra en el directorio '/home/lautaro/Dune-Taller-de-Programacion-FIUBA/src_files/build/CMakeFiles/CMakeTmp'
Building C object CMakeFiles/cmTC_41602.dir/src.c.o
/usr/bin/cc   -DCMAKE_HAVE_LIBC_PTHREAD   -o CMakeFiles/cmTC_41602.dir/src.c.o   -c /home/lautaro/Dune-Taller-de-Programacion-FIUBA/src_files/build/CMakeFiles/CMakeTmp/src.c
Linking C executable cmTC_41602
/usr/bin/cmake -E cmake_link_script CMakeFiles/cmTC_41602.dir/link.txt --verbose=1
/usr/bin/cc  -DCMAKE_HAVE_LIBC_PTHREAD    -rdynamic CMakeFiles/cmTC_41602.dir/src.c.o  -o cmTC_41602 
/usr/bin/ld: CMakeFiles/cmTC_41602.dir/src.c.o: en la función `main':
src.c:(.text+0x46): referencia a `pthread_create' sin definir
/usr/bin/ld: src.c:(.text+0x52): referencia a `pthread_detach' sin definir
/usr/bin/ld: src.c:(.text+0x63): referencia a `pthread_join' sin definir
collect2: error: ld returned 1 exit status
make[1]: *** [CMakeFiles/cmTC_41602.dir/build.make:87: cmTC_41602] Error 1
make[1]: se sale del directorio '/home/lautaro/Dune-Taller-de-Programacion-FIUBA/src_files/build/CMakeFiles/CMakeTmp'
make: *** [Makefile:121: cmTC_41602/fast] Error 2


Source file was:
#include <pthread.h>

void* test_func(void* data)
{
  return data;
}

int main(void)
{
  pthread_t thread;
  pthread_create(&thread, NULL, test_func, NULL);
  pthread_detach(thread);
  pthread_join(thread, NULL);
  pthread_atfork(NULL, NULL, NULL);
  pthread_exit(NULL);

  return 0;
}

Determining if the function pthread_create exists in the pthreads failed with the following output:
Change Dir: /home/lautaro/Dune-Taller-de-Programacion-FIUBA/src_files/build/CMakeFiles/CMakeTmp

Run Build Command(s):/usr/bin/make cmTC_b001f/fast && /usr/bin/make -f CMakeFiles/cmTC_b001f.dir/build.make CMakeFiles/cmTC_b001f.dir/build
make[1]: se entra en el directorio '/home/lautaro/Dune-Taller-de-Programacion-FIUBA/src_files/build/CMakeFiles/CMakeTmp'
Building C object CMakeFiles/cmTC_b001f.dir/CheckFunctionExists.c.o
/usr/bin/cc   -DCHECK_FUNCTION_EXISTS=pthread_create   -o CMakeFiles/cmTC_b001f.dir/CheckFunctionExists.c.o   -c /usr/share/cmake-3.16/Modules/CheckFunctionExists.c
Linking C executable cmTC_b001f
/usr/bin/cmake -E cmake_link_script CMakeFiles/cmTC_b001f.dir/link.txt --verbose=1
/usr/bin/cc  -DCHECK_FUNCTION_EXISTS=pthread_create    -rdynamic CMakeFiles/cmTC_b001f.dir/CheckFunctionExists.c.o  -o cmTC_b001f  -lpthreads 
/usr/bin/ld: no se puede encontrar -lpthreads
collect2: error: ld returned 1 exit status
make[1]: *** [CMakeFiles/cmTC_b001f.dir/build.make:87: cmTC_b001f] Error 1
make[1]: se sale del directorio '/home/lautaro/Dune-Taller-de-Programacion-FIUBA/src_files/build/CMakeFiles/CMakeTmp'
make: *** [Makefile:121: cmTC_b001f/fast] Error 2



